<?xml version="1.0" encoding="UTF-8"?>
<!-- Generated by org.testng.reporters.JUnitReportReporter -->
<testsuite hostname="milind-PC" name="TestCases.VerifyHomePage" tests="1" failures="0" timestamp="2 Aug 2017 11:10:03 GMT" time="56.329" errors="0">
  <testcase name="testHomePage" time="56.329" classname="TestCases.VerifyHomePage"/>
</testsuite> <!-- TestCases.VerifyHomePage -->
