<?xml version="1.0" encoding="UTF-8"?>
<!-- Generated by org.testng.reporters.JUnitReportReporter -->
<testsuite hostname="milind-PC" name="TestCases.VerifyLoginPage" tests="1" failures="0" timestamp="2 Aug 2017 12:43:53 GMT" time="38.763" errors="0">
  <testcase name="verifylogin" time="38.763" classname="TestCases.VerifyLoginPage"/>
</testsuite> <!-- TestCases.VerifyLoginPage -->
